<testsuites id="" name="" tests="5" failures="0" skipped="0" errors="0" time="15.916501999999998">
<testsuite name="tests\example.spec.ts" timestamp="2025-09-10T15:04:53.315Z" hostname="Chromium" tests="1" failures="0" skipped="0" time="7.457" errors="0">
<testcase name="Verify user is able to login to the page @smoke @regression" classname="tests\example.spec.ts" time="7.457">
<system-out>
<![CDATA[
[[ATTACHMENT|..\test-results\tests-example-Verify-user--c190e-o-the-page-smoke-regression-Chromium\test-finished-1.png]]

[[ATTACHMENT|..\test-results\tests-example-Verify-user--c190e-o-the-page-smoke-regression-Chromium\trace.zip]]
]]>
</system-out>
</testcase>
</testsuite>
<testsuite name="tests\example.spec.ts" timestamp="2025-09-10T15:04:53.315Z" hostname="Firefox" tests="1" failures="0" skipped="0" time="10.16" errors="0">
<testcase name="Verify user is able to login to the page @smoke @regression" classname="tests\example.spec.ts" time="10.16">
<system-out>
<![CDATA[
[[ATTACHMENT|..\test-results\tests-example-Verify-user--c190e-o-the-page-smoke-regression-Firefox\test-finished-1.png]]

[[ATTACHMENT|..\test-results\tests-example-Verify-user--c190e-o-the-page-smoke-regression-Firefox\trace.zip]]
]]>
</system-out>
</testcase>
</testsuite>
<testsuite name="tests\example.spec.ts" timestamp="2025-09-10T15:04:53.315Z" hostname="WebKit" tests="1" failures="0" skipped="0" time="9.73" errors="0">
<testcase name="Verify user is able to login to the page @smoke @regression" classname="tests\example.spec.ts" time="9.73">
<system-out>
<![CDATA[
[[ATTACHMENT|..\test-results\tests-example-Verify-user--c190e-o-the-page-smoke-regression-WebKit\test-finished-1.png]]

[[ATTACHMENT|..\test-results\tests-example-Verify-user--c190e-o-the-page-smoke-regression-WebKit\trace.zip]]
]]>
</system-out>
</testcase>
</testsuite>
<testsuite name="tests\example.spec.ts" timestamp="2025-09-10T15:04:53.315Z" hostname="Edge" tests="1" failures="0" skipped="0" time="7.557" errors="0">
<testcase name="Verify user is able to login to the page @smoke @regression" classname="tests\example.spec.ts" time="7.557">
<system-out>
<![CDATA[
[[ATTACHMENT|..\test-results\tests-example-Verify-user--c190e-o-the-page-smoke-regression-Edge\test-finished-1.png]]

[[ATTACHMENT|..\test-results\tests-example-Verify-user--c190e-o-the-page-smoke-regression-Edge\trace.zip]]
]]>
</system-out>
</testcase>
</testsuite>
<testsuite name="tests\example.spec.ts" timestamp="2025-09-10T15:04:53.315Z" hostname="Opera" tests="1" failures="0" skipped="0" time="9.075" errors="0">
<testcase name="Verify user is able to login to the page @smoke @regression" classname="tests\example.spec.ts" time="9.075">
<system-out>
<![CDATA[
[[ATTACHMENT|..\test-results\tests-example-Verify-user--c190e-o-the-page-smoke-regression-Opera\test-finished-1.png]]

[[ATTACHMENT|..\test-results\tests-example-Verify-user--c190e-o-the-page-smoke-regression-Opera\trace.zip]]
]]>
</system-out>
</testcase>
</testsuite>
</testsuites>